<?xml version="1.0" encoding="UTF-8"?>
<testsuite name="Run on FIREFOX"
           tests="3"
           failures="0"
           errors="0"
           skipped="0"
           time="6.201">
  <properties />
  
  
            <testcase name="User_02_Login" time="1.664" classname="com.nopcommerce.user.Level_18_Pattern_Object" />
                <testcase name="User_01_Register" time="3.869" classname="com.nopcommerce.user.Level_18_Pattern_Object" />
                <testcase name="User_03_My_Acount" time="0.668" classname="com.nopcommerce.user.Level_18_Pattern_Object" />
      
</testsuite>
