<?xml version="1.0" encoding="UTF-8"?>
<testsuite name="Run on CHROME"
           tests="5"
           failures="0"
           errors="0"
           skipped="0"
           time="6.986">
  <properties />
  
  
            <testcase name="TC_01_Register_Empty_Data" time="1.178" classname="com.nopcommerce.user.Level_04_Multiple_Browser" />
                <testcase name="TC_02_Register_Invalid_Email" time="1.062" classname="com.nopcommerce.user.Level_04_Multiple_Browser" />
                <testcase name="TC_06_Register_Invalid_Confirm_Password" time="1.350" classname="com.nopcommerce.user.Level_04_Multiple_Browser" />
                <testcase name="TC_03_Register_Success" time="2.279" classname="com.nopcommerce.user.Level_04_Multiple_Browser" />
                <testcase name="TC_05_Register_Password_Less_Than_6_Chars" time="1.117" classname="com.nopcommerce.user.Level_04_Multiple_Browser" />
      
</testsuite>
