<?xml version="1.0" encoding="UTF-8"?>
<!-- Generated by org.testng.reporters.JUnitXMLReporter -->
<testsuite ignored="0" hostname="DESKTOP-DNKJS5Q" failures="0" tests="3" name="Run on FIREFOX" time="18.246" errors="0" timestamp="18 Oct 2023 07:04:22 GMT">
  <testcase classname="com.facebook.register.Level_13_Element_Undisplayed" name="TC_01_Verify_Element_Display" time="0.585"/>
  <testcase classname="com.facebook.register.Level_13_Element_Undisplayed" name="TC_02_Verify_Element_Undisplay_In_DOM" time="5.326"/>
  <testcase classname="com.facebook.register.Level_13_Element_Undisplayed" name="TC_03_Verify_Element_Undisplay_Not_In_DOM" time="8.324"/>
</testsuite> <!-- Run on FIREFOX -->
