<?xml version="1.0" encoding="UTF-8"?>
<testng-results ignored="0" total="17" passed="17" failed="0" skipped="0">
  <reporter-output>
  </reporter-output>
  <suite started-at="2023-11-09T08:51:42Z" name="EFDS" finished-at="2023-11-09T08:52:19Z" duration-ms="36625">
    <groups>
    </groups>
    <test started-at="2023-11-09T08:51:42Z" name="Run on FIREFOX" finished-at="2023-11-09T08:52:19Z" duration-ms="36625">
      <class name="efds.Level_01_New_Regional">
        <test-method is-config="true" signature="initBeforeSuite()[pri:0, instance:efds.Level_01_New_Regional@42b3b079]" started-at="2023-11-09T08:51:42Z" name="initBeforeSuite" finished-at="2023-11-09T08:51:42Z" duration-ms="11" status="PASS">
          <reporter-output>
          </reporter-output>
        </test-method> <!-- initBeforeSuite -->
        <test-method is-config="true" signature="beforeClass(java.lang.String, java.lang.String)[pri:0, instance:efds.Level_01_New_Regional@42b3b079]" started-at="2023-11-09T08:51:42Z" name="beforeClass" finished-at="2023-11-09T08:51:45Z" duration-ms="3164" status="PASS">
          <params>
            <param index="0">
              <value>
                <![CDATA[firefox]]>
              </value>
            </param>
            <param index="1">
              <value>
                <![CDATA[https://efds.dev.jit.vn/#/auth/login]]>
              </value>
            </param>
          </params>
          <reporter-output>
          </reporter-output>
        </test-method> <!-- beforeClass -->
        <test-method signature="TC_01_Login_ID_Cannot_Empty()[pri:0, instance:efds.Level_01_New_Regional@42b3b079]" started-at="2023-11-09T08:51:45Z" name="TC_01_Login_ID_Cannot_Empty" finished-at="2023-11-09T08:51:45Z" duration-ms="340" status="PASS">
          <reporter-output>
          </reporter-output>
        </test-method> <!-- TC_01_Login_ID_Cannot_Empty -->
        <test-method signature="TC_02_Login_Password_Cannot_Empty()[pri:0, instance:efds.Level_01_New_Regional@42b3b079]" started-at="2023-11-09T08:51:45Z" name="TC_02_Login_Password_Cannot_Empty" finished-at="2023-11-09T08:51:46Z" duration-ms="240" status="PASS">
          <reporter-output>
          </reporter-output>
        </test-method> <!-- TC_02_Login_Password_Cannot_Empty -->
        <test-method signature="TC_03_Login_ID_Less_4_Digits()[pri:0, instance:efds.Level_01_New_Regional@42b3b079]" started-at="2023-11-09T08:51:46Z" name="TC_03_Login_ID_Less_4_Digits" finished-at="2023-11-09T08:51:46Z" duration-ms="128" status="PASS">
          <reporter-output>
          </reporter-output>
        </test-method> <!-- TC_03_Login_ID_Less_4_Digits -->
        <test-method signature="TC_04_Login_Password_Less_4_Digits()[pri:0, instance:efds.Level_01_New_Regional@42b3b079]" started-at="2023-11-09T08:51:46Z" name="TC_04_Login_Password_Less_4_Digits" finished-at="2023-11-09T08:51:46Z" duration-ms="216" status="PASS">
          <reporter-output>
          </reporter-output>
        </test-method> <!-- TC_04_Login_Password_Less_4_Digits -->
        <test-method signature="TC_05_Login_ID_User_Space_Null()[pri:0, instance:efds.Level_01_New_Regional@42b3b079]" started-at="2023-11-09T08:51:46Z" name="TC_05_Login_ID_User_Space_Null" finished-at="2023-11-09T08:51:47Z" duration-ms="1405" status="PASS">
          <reporter-output>
          </reporter-output>
        </test-method> <!-- TC_05_Login_ID_User_Space_Null -->
        <test-method signature="TC_06_Login_With_ID_User_Or_Password_Invalid()[pri:0, instance:efds.Level_01_New_Regional@42b3b079]" started-at="2023-11-09T08:51:47Z" name="TC_06_Login_With_ID_User_Or_Password_Invalid" finished-at="2023-11-09T08:51:48Z" duration-ms="772" status="PASS">
          <reporter-output>
          </reporter-output>
        </test-method> <!-- TC_06_Login_With_ID_User_Or_Password_Invalid -->
        <test-method signature="TC_07_Login_Success()[pri:0, instance:efds.Level_01_New_Regional@42b3b079]" started-at="2023-11-09T08:51:48Z" name="TC_07_Login_Success" finished-at="2023-11-09T08:51:50Z" duration-ms="1466" status="PASS">
          <reporter-output>
          </reporter-output>
        </test-method> <!-- TC_07_Login_Success -->
        <test-method signature="TC_08_New_Regional_Success()[pri:0, instance:efds.Level_01_New_Regional@42b3b079]" started-at="2023-11-09T08:51:50Z" name="TC_08_New_Regional_Success" finished-at="2023-11-09T08:51:51Z" duration-ms="1270" status="PASS">
          <reporter-output>
          </reporter-output>
        </test-method> <!-- TC_08_New_Regional_Success -->
        <test-method signature="TC_09_New_Regional_Already_Exist()[pri:0, instance:efds.Level_01_New_Regional@42b3b079]" started-at="2023-11-09T08:51:51Z" name="TC_09_New_Regional_Already_Exist" finished-at="2023-11-09T08:51:52Z" duration-ms="1497" status="PASS">
          <reporter-output>
          </reporter-output>
        </test-method> <!-- TC_09_New_Regional_Already_Exist -->
        <test-method signature="TC_10_Update_Regional()[pri:0, instance:efds.Level_01_New_Regional@42b3b079]" started-at="2023-11-09T08:51:52Z" name="TC_10_Update_Regional" finished-at="2023-11-09T08:51:56Z" duration-ms="3377" status="PASS">
          <reporter-output>
          </reporter-output>
        </test-method> <!-- TC_10_Update_Regional -->
        <test-method signature="TC_11_Clear_Regional()[pri:0, instance:efds.Level_01_New_Regional@42b3b079]" started-at="2023-11-09T08:51:56Z" name="TC_11_Clear_Regional" finished-at="2023-11-09T08:51:57Z" duration-ms="1609" status="PASS">
          <reporter-output>
          </reporter-output>
        </test-method> <!-- TC_11_Clear_Regional -->
        <test-method signature="TC_12_Delete_Regional()[pri:0, instance:efds.Level_01_New_Regional@42b3b079]" started-at="2023-11-09T08:51:57Z" name="TC_12_Delete_Regional" finished-at="2023-11-09T08:52:01Z" duration-ms="3662" status="PASS">
          <reporter-output>
          </reporter-output>
        </test-method> <!-- TC_12_Delete_Regional -->
        <test-method signature="TC_13_New_Sensor()[pri:0, instance:efds.Level_01_New_Regional@42b3b079]" started-at="2023-11-09T08:52:01Z" name="TC_13_New_Sensor" finished-at="2023-11-09T08:52:05Z" duration-ms="4063" status="PASS">
          <reporter-output>
          </reporter-output>
        </test-method> <!-- TC_13_New_Sensor -->
        <test-method signature="TC_14_Sensor_Already_Exist()[pri:0, instance:efds.Level_01_New_Regional@42b3b079]" started-at="2023-11-09T08:52:05Z" name="TC_14_Sensor_Already_Exist" finished-at="2023-11-09T08:52:09Z" duration-ms="3940" status="PASS">
          <reporter-output>
          </reporter-output>
        </test-method> <!-- TC_14_Sensor_Already_Exist -->
        <test-method signature="TC_15_Update_Sensor()[pri:0, instance:efds.Level_01_New_Regional@42b3b079]" started-at="2023-11-09T08:52:09Z" name="TC_15_Update_Sensor" finished-at="2023-11-09T08:52:13Z" duration-ms="3521" status="PASS">
          <reporter-output>
          </reporter-output>
        </test-method> <!-- TC_15_Update_Sensor -->
        <test-method signature="TC_16_Clear_Sensor()[pri:0, instance:efds.Level_01_New_Regional@42b3b079]" started-at="2023-11-09T08:52:13Z" name="TC_16_Clear_Sensor" finished-at="2023-11-09T08:52:14Z" duration-ms="1450" status="PASS">
          <reporter-output>
          </reporter-output>
        </test-method> <!-- TC_16_Clear_Sensor -->
        <test-method signature="TC_17_Delete_Sensor()[pri:0, instance:efds.Level_01_New_Regional@42b3b079]" started-at="2023-11-09T08:52:14Z" name="TC_17_Delete_Sensor" finished-at="2023-11-09T08:52:18Z" duration-ms="3584" status="PASS">
          <reporter-output>
          </reporter-output>
        </test-method> <!-- TC_17_Delete_Sensor -->
        <test-method is-config="true" signature="afterClass()[pri:0, instance:efds.Level_01_New_Regional@42b3b079]" started-at="2023-11-09T08:52:18Z" name="afterClass" finished-at="2023-11-09T08:52:19Z" duration-ms="836" status="PASS">
          <reporter-output>
          </reporter-output>
        </test-method> <!-- afterClass -->
      </class> <!-- efds.Level_01_New_Regional -->
    </test> <!-- Run on FIREFOX -->
  </suite> <!-- EFDS -->
</testng-results>
