<?xml version="1.0" encoding="UTF-8"?>
<!-- Generated by org.testng.reporters.JUnitXMLReporter -->
<testsuite ignored="0" hostname="DESKTOP-DNKJS5Q" failures="0" tests="17" name="Run on FIREFOX" time="36.625" errors="0" timestamp="09 Nov 2023 08:52:19 GMT">
  <testcase classname="efds.Level_01_New_Regional" name="TC_01_Login_ID_Cannot_Empty" time="0.34"/>
  <testcase classname="efds.Level_01_New_Regional" name="TC_02_Login_Password_Cannot_Empty" time="0.24"/>
  <testcase classname="efds.Level_01_New_Regional" name="TC_03_Login_ID_Less_4_Digits" time="0.128"/>
  <testcase classname="efds.Level_01_New_Regional" name="TC_04_Login_Password_Less_4_Digits" time="0.216"/>
  <testcase classname="efds.Level_01_New_Regional" name="TC_05_Login_ID_User_Space_Null" time="1.405"/>
  <testcase classname="efds.Level_01_New_Regional" name="TC_06_Login_With_ID_User_Or_Password_Invalid" time="0.772"/>
  <testcase classname="efds.Level_01_New_Regional" name="TC_07_Login_Success" time="1.466"/>
  <testcase classname="efds.Level_01_New_Regional" name="TC_08_New_Regional_Success" time="1.27"/>
  <testcase classname="efds.Level_01_New_Regional" name="TC_09_New_Regional_Already_Exist" time="1.497"/>
  <testcase classname="efds.Level_01_New_Regional" name="TC_10_Update_Regional" time="3.377"/>
  <testcase classname="efds.Level_01_New_Regional" name="TC_11_Clear_Regional" time="1.609"/>
  <testcase classname="efds.Level_01_New_Regional" name="TC_12_Delete_Regional" time="3.662"/>
  <testcase classname="efds.Level_01_New_Regional" name="TC_13_New_Sensor" time="4.063"/>
  <testcase classname="efds.Level_01_New_Regional" name="TC_14_Sensor_Already_Exist" time="3.94"/>
  <testcase classname="efds.Level_01_New_Regional" name="TC_15_Update_Sensor" time="3.521"/>
  <testcase classname="efds.Level_01_New_Regional" name="TC_16_Clear_Sensor" time="1.45"/>
  <testcase classname="efds.Level_01_New_Regional" name="TC_17_Delete_Sensor" time="3.584"/>
</testsuite> <!-- Run on FIREFOX -->
